The system is: Windows - 10.0.18363 - AMD64
Compiling the C compiler identification source file "CMakeCCompilerId.c" succeeded.
Compiler: C:/Program Files (x86)/Microsoft Visual Studio/2019/Community/VC/Tools/MSVC/14.25.28610/bin/HostX64/x64/cl.exe 
Build flags: 
Id flags:  

The output was:
0
Microsoft (R) C/C++ Optimizing Compiler Version 19.25.28610.4 for x64
Copyright (C) Microsoft Corporation.  All rights reserved.

CMakeCCompilerId.c
Microsoft (R) Incremental Linker Version 14.25.28610.4
Copyright (C) Microsoft Corporation.  All rights reserved.

/out:CMakeCCompilerId.exe 
CMakeCCompilerId.obj 


Compilation of the C compiler identification source "CMakeCCompilerId.c" produced "CMakeCCompilerId.exe"

Compilation of the C compiler identification source "CMakeCCompilerId.c" produced "CMakeCCompilerId.obj"

The C compiler identification is MSVC, found in "C:/Dev/Projects/gameboyemu/out/build/x64-Debug/CMakeFiles/3.16.19112601-MSVC_2/CompilerIdC/CMakeCCompilerId.exe"

Compiling the CXX compiler identification source file "CMakeCXXCompilerId.cpp" succeeded.
Compiler: C:/Program Files (x86)/Microsoft Visual Studio/2019/Community/VC/Tools/MSVC/14.25.28610/bin/HostX64/x64/cl.exe 
Build flags: 
Id flags:  

The output was:
0
Microsoft (R) C/C++ Optimizing Compiler Version 19.25.28610.4 for x64
Copyright (C) Microsoft Corporation.  All rights reserved.

CMakeCXXCompilerId.cpp
Microsoft (R) Incremental Linker Version 14.25.28610.4
Copyright (C) Microsoft Corporation.  All rights reserved.

/out:CMakeCXXCompilerId.exe 
CMakeCXXCompilerId.obj 


Compilation of the CXX compiler identification source "CMakeCXXCompilerId.cpp" produced "CMakeCXXCompilerId.exe"

Compilation of the CXX compiler identification source "CMakeCXXCompilerId.cpp" produced "CMakeCXXCompilerId.obj"

The CXX compiler identification is MSVC, found in "C:/Dev/Projects/gameboyemu/out/build/x64-Debug/CMakeFiles/3.16.19112601-MSVC_2/CompilerIdCXX/CMakeCXXCompilerId.exe"

Determining if the C compiler works passed with the following output:
Change Dir: C:/Dev/Projects/gameboyemu/out/build/x64-Debug/CMakeFiles/CMakeTmp

Run Build Command(s):C:/Program Files (x86)/Microsoft Visual Studio/2019/Community/Common7/IDE/CommonExtensions/Microsoft/CMake/Ninja/ninja.exe cmTC_a510e && [1/2] Building C object CMakeFiles\cmTC_a510e.dir\testCCompiler.c.obj
[2/2] Linking C executable cmTC_a510e.exe



Detecting C compiler ABI info compiled with the following output:
Change Dir: C:/Dev/Projects/gameboyemu/out/build/x64-Debug/CMakeFiles/CMakeTmp

Run Build Command(s):C:/Program Files (x86)/Microsoft Visual Studio/2019/Community/Common7/IDE/CommonExtensions/Microsoft/CMake/Ninja/ninja.exe cmTC_9f538 && [1/2] Building C object CMakeFiles\cmTC_9f538.dir\CMakeCCompilerABI.c.obj
[2/2] Linking C executable cmTC_9f538.exe



Determining if the CXX compiler works passed with the following output:
Change Dir: C:/Dev/Projects/gameboyemu/out/build/x64-Debug/CMakeFiles/CMakeTmp

Run Build Command(s):C:/Program Files (x86)/Microsoft Visual Studio/2019/Community/Common7/IDE/CommonExtensions/Microsoft/CMake/Ninja/ninja.exe cmTC_d21d7 && [1/2] Building CXX object CMakeFiles\cmTC_d21d7.dir\testCXXCompiler.cxx.obj
[2/2] Linking CXX executable cmTC_d21d7.exe



Detecting CXX compiler ABI info compiled with the following output:
Change Dir: C:/Dev/Projects/gameboyemu/out/build/x64-Debug/CMakeFiles/CMakeTmp

Run Build Command(s):C:/Program Files (x86)/Microsoft Visual Studio/2019/Community/Common7/IDE/CommonExtensions/Microsoft/CMake/Ninja/ninja.exe cmTC_43b0c && [1/2] Building CXX object CMakeFiles\cmTC_43b0c.dir\CMakeCXXCompilerABI.cpp.obj
[2/2] Linking CXX executable cmTC_43b0c.exe



Determining if the include file sys/types.h exists passed with the following output:
Change Dir: C:/Dev/Projects/gameboyemu/out/build/x64-Debug/CMakeFiles/CMakeTmp

Run Build Command(s):C:/Program Files (x86)/Microsoft Visual Studio/2019/Community/Common7/IDE/CommonExtensions/Microsoft/CMake/Ninja/ninja.exe cmTC_0e30c && [1/2] Building C object CMakeFiles\cmTC_0e30c.dir\CheckIncludeFile.c.obj
[2/2] Linking C executable cmTC_0e30c.exe



Determining if the include file stdint.h exists passed with the following output:
Change Dir: C:/Dev/Projects/gameboyemu/out/build/x64-Debug/CMakeFiles/CMakeTmp

Run Build Command(s):C:/Program Files (x86)/Microsoft Visual Studio/2019/Community/Common7/IDE/CommonExtensions/Microsoft/CMake/Ninja/ninja.exe cmTC_f5387 && [1/2] Building C object CMakeFiles\cmTC_f5387.dir\CheckIncludeFile.c.obj
[2/2] Linking C executable cmTC_f5387.exe



Determining if the include file stddef.h exists passed with the following output:
Change Dir: C:/Dev/Projects/gameboyemu/out/build/x64-Debug/CMakeFiles/CMakeTmp

Run Build Command(s):C:/Program Files (x86)/Microsoft Visual Studio/2019/Community/Common7/IDE/CommonExtensions/Microsoft/CMake/Ninja/ninja.exe cmTC_cf90e && [1/2] Building C object CMakeFiles\cmTC_cf90e.dir\CheckIncludeFile.c.obj
[2/2] Linking C executable cmTC_cf90e.exe



Determining size of void* passed with the following output:
Change Dir: C:/Dev/Projects/gameboyemu/out/build/x64-Debug/CMakeFiles/CMakeTmp

Run Build Command(s):C:/Program Files (x86)/Microsoft Visual Studio/2019/Community/Common7/IDE/CommonExtensions/Microsoft/CMake/Ninja/ninja.exe cmTC_ec25b && [1/2] Building C object CMakeFiles\cmTC_ec25b.dir\SIZEOF_VOID_PTR.c.obj
[2/2] Linking C executable cmTC_ec25b.exe



